c:\users\zackb\source\repos\hyperion engine\hyperion engine\build\debug\hyperion engine.pdb
c:\users\zackb\source\repos\hyperion engine\hyperion engine\build\debug\hyperion engine.idb
c:\users\zackb\source\repos\hyperion engine\hyperion engine\build\debug\directx11factory.nativecodeanalysis.sarif
c:\users\zackb\source\repos\hyperion engine\hyperion engine\build\debug\directx11factory.nativecodeanalysis.xml
c:\users\zackb\source\repos\hyperion engine\hyperion engine\build\debug\hyperion.nativecodeanalysis.sarif
c:\users\zackb\source\repos\hyperion engine\hyperion engine\build\debug\hyperion.nativecodeanalysis.xml
c:\users\zackb\source\repos\hyperion engine\hyperion engine\build\debug\world.nativecodeanalysis.sarif
c:\users\zackb\source\repos\hyperion engine\hyperion engine\build\debug\world.nativecodeanalysis.xml
c:\users\zackb\source\repos\hyperion engine\hyperion engine\build\debug\primitivecomponent.nativecodeanalysis.sarif
c:\users\zackb\source\repos\hyperion engine\hyperion engine\build\debug\primitivecomponent.nativecodeanalysis.xml
c:\users\zackb\source\repos\hyperion engine\hyperion engine\build\debug\entity.nativecodeanalysis.sarif
c:\users\zackb\source\repos\hyperion engine\hyperion engine\build\debug\entity.nativecodeanalysis.xml
c:\users\zackb\source\repos\hyperion engine\hyperion engine\build\debug\component.nativecodeanalysis.sarif
c:\users\zackb\source\repos\hyperion engine\hyperion engine\build\debug\component.nativecodeanalysis.xml
c:\users\zackb\source\repos\hyperion engine\hyperion engine\build\debug\vector.nativecodeanalysis.sarif
c:\users\zackb\source\repos\hyperion engine\hyperion engine\build\debug\vector.nativecodeanalysis.xml
c:\users\zackb\source\repos\hyperion engine\hyperion engine\build\debug\point.nativecodeanalysis.sarif
c:\users\zackb\source\repos\hyperion engine\hyperion engine\build\debug\point.nativecodeanalysis.xml
c:\users\zackb\source\repos\hyperion engine\hyperion engine\build\debug\color.nativecodeanalysis.sarif
c:\users\zackb\source\repos\hyperion engine\hyperion engine\build\debug\color.nativecodeanalysis.xml
c:\users\zackb\source\repos\hyperion engine\hyperion engine\build\debug\angle.nativecodeanalysis.sarif
c:\users\zackb\source\repos\hyperion engine\hyperion engine\build\debug\angle.nativecodeanalysis.xml
c:\users\zackb\source\repos\hyperion engine\hyperion engine\build\debug\threadmanager.nativecodeanalysis.sarif
c:\users\zackb\source\repos\hyperion engine\hyperion engine\build\debug\threadmanager.nativecodeanalysis.xml
c:\users\zackb\source\repos\hyperion engine\hyperion engine\build\debug\thread.nativecodeanalysis.sarif
c:\users\zackb\source\repos\hyperion engine\hyperion engine\build\debug\thread.nativecodeanalysis.xml
c:\users\zackb\source\repos\hyperion engine\hyperion engine\build\debug\string.nativecodeanalysis.sarif
c:\users\zackb\source\repos\hyperion engine\hyperion engine\build\debug\string.nativecodeanalysis.xml
c:\users\zackb\source\repos\hyperion engine\hyperion engine\build\debug\object.nativecodeanalysis.sarif
c:\users\zackb\source\repos\hyperion engine\hyperion engine\build\debug\object.nativecodeanalysis.xml
c:\users\zackb\source\repos\hyperion engine\hyperion engine\build\debug\serialization.nativecodeanalysis.sarif
c:\users\zackb\source\repos\hyperion engine\hyperion engine\build\debug\serialization.nativecodeanalysis.xml
c:\users\zackb\source\repos\hyperion engine\hyperion engine\build\debug\binary.nativecodeanalysis.sarif
c:\users\zackb\source\repos\hyperion engine\hyperion engine\build\debug\binary.nativecodeanalysis.xml
c:\users\zackb\source\repos\hyperion engine\hyperion engine\build\debug\inputmanager.nativecodeanalysis.sarif
c:\users\zackb\source\repos\hyperion engine\hyperion engine\build\debug\inputmanager.nativecodeanalysis.xml
c:\users\zackb\source\repos\hyperion engine\hyperion engine\build\debug\file.nativecodeanalysis.sarif
c:\users\zackb\source\repos\hyperion engine\hyperion engine\build\debug\file.nativecodeanalysis.xml
c:\users\zackb\source\repos\hyperion engine\hyperion engine\build\debug\engine.nativecodeanalysis.sarif
c:\users\zackb\source\repos\hyperion engine\hyperion engine\build\debug\engine.nativecodeanalysis.xml
c:\users\zackb\source\repos\hyperion engine\hyperion engine\build\debug\engine.obj
c:\users\zackb\source\repos\hyperion engine\hyperion engine\build\debug\file.obj
c:\users\zackb\source\repos\hyperion engine\hyperion engine\build\debug\inputmanager.obj
c:\users\zackb\source\repos\hyperion engine\hyperion engine\build\debug\binary.obj
c:\users\zackb\source\repos\hyperion engine\hyperion engine\build\debug\serialization.obj
c:\users\zackb\source\repos\hyperion engine\hyperion engine\build\debug\object.obj
c:\users\zackb\source\repos\hyperion engine\hyperion engine\build\debug\string.obj
c:\users\zackb\source\repos\hyperion engine\hyperion engine\build\debug\thread.obj
c:\users\zackb\source\repos\hyperion engine\hyperion engine\build\debug\threadmanager.obj
c:\users\zackb\source\repos\hyperion engine\hyperion engine\build\debug\angle.obj
c:\users\zackb\source\repos\hyperion engine\hyperion engine\build\debug\color.obj
c:\users\zackb\source\repos\hyperion engine\hyperion engine\build\debug\point.obj
c:\users\zackb\source\repos\hyperion engine\hyperion engine\build\debug\vector.obj
c:\users\zackb\source\repos\hyperion engine\hyperion engine\build\debug\component.obj
c:\users\zackb\source\repos\hyperion engine\hyperion engine\build\debug\entity.obj
c:\users\zackb\source\repos\hyperion engine\hyperion engine\build\debug\primitivecomponent.obj
c:\users\zackb\source\repos\hyperion engine\hyperion engine\build\debug\world.obj
c:\users\zackb\source\repos\hyperion engine\hyperion engine\build\debug\hyperion.obj
c:\users\zackb\source\repos\hyperion engine\hyperion engine\build\debug\directx11factory.obj
c:\users\zackb\source\repos\hyperion engine\hyperion engine\build\debug\rendermarshal.nativecodeanalysis.sarif
c:\users\zackb\source\repos\hyperion engine\hyperion engine\build\debug\rendermarshal.nativecodeanalysis.xml
c:\users\zackb\source\repos\hyperion engine\hyperion engine\build\debug\renderfactory.nativecodeanalysis.sarif
c:\users\zackb\source\repos\hyperion engine\hyperion engine\build\debug\renderfactory.nativecodeanalysis.xml
c:\users\zackb\source\repos\hyperion engine\hyperion engine\build\debug\esp62e1.tmp
c:\users\zackb\source\repos\hyperion engine\hyperion engine\build\debug\hyperion engine.tlog\cl.command.1.tlog
c:\users\zackb\source\repos\hyperion engine\hyperion engine\build\debug\hyperion engine.tlog\cl.read.1.tlog
c:\users\zackb\source\repos\hyperion engine\hyperion engine\build\debug\hyperion engine.tlog\cl.write.1.tlog
